<?xml version="1.0" encoding="UTF-8"?>
<!-- Generated by org.testng.reporters.JUnitReportReporter -->
<testsuite hostname="PC-VinhLuu" name="com.bankguru.account.Payment_01" tests="1" failures="0" timestamp="21 Feb 2019 09:21:54 GMT" time="4.142" errors="0">
  <testcase name="Create_New_Customer_Account" time="4.142" classname="com.bankguru.account.Payment_01"/>
</testsuite> <!-- com.bankguru.account.Payment_01 -->
